[23-Jan-2025 01:39:09 UTC] PHP Warning:  Zend OPcache can't be temporary enabled (it may be only disabled till the end of request) in C:\wamp64\www\ecole\config-production.php on line 26
[23-Jan-2025 01:39:09 UTC] PHP Stack trace:
[23-Jan-2025 01:39:09 UTC] PHP   1. {main}() C:\wamp64\www\ecole\index.php:0
[23-Jan-2025 01:39:09 UTC] PHP   2. include() C:\wamp64\www\ecole\index.php:3
[23-Jan-2025 01:39:09 UTC] PHP   3. ini_set($varname = 'opcache.enable', $newvalue = '1') C:\wamp64\www\ecole\config-production.php:26
[23-Jan-2025 01:39:35 UTC] PHP Warning:  Zend OPcache can't be temporary enabled (it may be only disabled till the end of request) in C:\wamp64\www\ecole\config-production.php on line 26
[23-Jan-2025 01:39:35 UTC] PHP Stack trace:
[23-Jan-2025 01:39:35 UTC] PHP   1. {main}() C:\wamp64\www\ecole\index.php:0
[23-Jan-2025 01:39:35 UTC] PHP   2. include() C:\wamp64\www\ecole\index.php:3
[23-Jan-2025 01:39:35 UTC] PHP   3. ini_set($varname = 'opcache.enable', $newvalue = '1') C:\wamp64\www\ecole\config-production.php:26
[23-Jan-2025 01:39:44 UTC] PHP Warning:  Zend OPcache can't be temporary enabled (it may be only disabled till the end of request) in C:\wamp64\www\ecole\config-production.php on line 26
[23-Jan-2025 01:39:44 UTC] PHP Stack trace:
[23-Jan-2025 01:39:44 UTC] PHP   1. {main}() C:\wamp64\www\ecole\index.php:0
[23-Jan-2025 01:39:44 UTC] PHP   2. include() C:\wamp64\www\ecole\index.php:3
[23-Jan-2025 01:39:44 UTC] PHP   3. ini_set($varname = 'opcache.enable', $newvalue = '1') C:\wamp64\www\ecole\config-production.php:26
[23-Jan-2025 01:39:44 UTC] PHP Fatal error:  Uncaught Phroute\Phroute\Exception\HttpRouteNotFoundException: Route ecole/user does not exist in C:\wamp64\www\ecole\vendor\phroute\phroute\src\Phroute\Dispatcher.php:218
Stack trace:
#0 C:\wamp64\www\ecole\vendor\phroute\phroute\src\Phroute\Dispatcher.php(123): Phroute\Phroute\Dispatcher->dispatchVariableRoute('GET', 'ecole/user')
#1 C:\wamp64\www\ecole\vendor\phroute\phroute\src\Phroute\Dispatcher.php(47): Phroute\Phroute\Dispatcher->dispatchRoute('GET', 'ecole/user')
#2 C:\wamp64\www\ecole\index.php(27): Phroute\Phroute\Dispatcher->dispatch('GET', '/ecole/user/')
#3 {main}
  thrown in C:\wamp64\www\ecole\vendor\phroute\phroute\src\Phroute\Dispatcher.php on line 218
[23-Jan-2025 01:41:37 UTC] PHP Warning:  Zend OPcache can't be temporary enabled (it may be only disabled till the end of request) in C:\wamp64\www\ecole\config-production.php on line 26
[23-Jan-2025 01:41:37 UTC] PHP Stack trace:
[23-Jan-2025 01:41:37 UTC] PHP   1. {main}() C:\wamp64\www\ecole\index.php:0
[23-Jan-2025 01:41:37 UTC] PHP   2. include() C:\wamp64\www\ecole\index.php:3
[23-Jan-2025 01:41:37 UTC] PHP   3. ini_set($varname = 'opcache.enable', $newvalue = '1') C:\wamp64\www\ecole\config-production.php:26
[23-Jan-2025 01:41:43 UTC] PHP Warning:  Zend OPcache can't be temporary enabled (it may be only disabled till the end of request) in C:\wamp64\www\ecole\config-production.php on line 26
[23-Jan-2025 01:41:43 UTC] PHP Stack trace:
[23-Jan-2025 01:41:43 UTC] PHP   1. {main}() C:\wamp64\www\ecole\index.php:0
[23-Jan-2025 01:41:43 UTC] PHP   2. include() C:\wamp64\www\ecole\index.php:3
[23-Jan-2025 01:41:43 UTC] PHP   3. ini_set($varname = 'opcache.enable', $newvalue = '1') C:\wamp64\www\ecole\config-production.php:26
[23-Jan-2025 01:41:44 UTC] PHP Fatal error:  Uncaught Phroute\Phroute\Exception\HttpRouteNotFoundException: Route ecole/dhdkjhkd does not exist in C:\wamp64\www\ecole\vendor\phroute\phroute\src\Phroute\Dispatcher.php:218
Stack trace:
#0 C:\wamp64\www\ecole\vendor\phroute\phroute\src\Phroute\Dispatcher.php(123): Phroute\Phroute\Dispatcher->dispatchVariableRoute('GET', 'ecole/dhdkjhkd')
#1 C:\wamp64\www\ecole\vendor\phroute\phroute\src\Phroute\Dispatcher.php(47): Phroute\Phroute\Dispatcher->dispatchRoute('GET', 'ecole/dhdkjhkd')
#2 C:\wamp64\www\ecole\index.php(27): Phroute\Phroute\Dispatcher->dispatch('GET', '/ecole/dhdkjhkd')
#3 {main}
  thrown in C:\wamp64\www\ecole\vendor\phroute\phroute\src\Phroute\Dispatcher.php on line 218
[16-Aug-2025 02:56:33 UTC] PHP Warning:  Zend OPcache can't be temporary enabled (it may be only disabled till the end of request) in C:\wamp64\www\ecotest\config-production.php on line 26
[16-Aug-2025 02:56:33 UTC] PHP Stack trace:
[16-Aug-2025 02:56:33 UTC] PHP   1. {main}() C:\wamp64\www\ecotest\index.php:0
[16-Aug-2025 02:56:33 UTC] PHP   2. include() C:\wamp64\www\ecotest\index.php:3
[16-Aug-2025 02:56:33 UTC] PHP   3. ini_set($varname = 'opcache.enable', $newvalue = '1') C:\wamp64\www\ecotest\config-production.php:26
[16-Aug-2025 02:56:35 UTC] PHP Warning:  Zend OPcache can't be temporary enabled (it may be only disabled till the end of request) in C:\wamp64\www\ecotest\config-production.php on line 26
[16-Aug-2025 02:56:35 UTC] PHP Stack trace:
[16-Aug-2025 02:56:35 UTC] PHP   1. {main}() C:\wamp64\www\ecotest\index.php:0
[16-Aug-2025 02:56:35 UTC] PHP   2. include() C:\wamp64\www\ecotest\index.php:3
[16-Aug-2025 02:56:35 UTC] PHP   3. ini_set($varname = 'opcache.enable', $newvalue = '1') C:\wamp64\www\ecotest\config-production.php:26
[16-Aug-2025 02:56:35 UTC] PHP Fatal error:  Uncaught Phroute\Phroute\Exception\HttpRouteNotFoundException: Route ecotest/assets/css/style.css does not exist in C:\wamp64\www\ecotest\vendor\phroute\phroute\src\Phroute\Dispatcher.php:218
Stack trace:
#0 C:\wamp64\www\ecotest\vendor\phroute\phroute\src\Phroute\Dispatcher.php(123): Phroute\Phroute\Dispatcher->dispatchVariableRoute('GET', 'ecotest/assets/...')
#1 C:\wamp64\www\ecotest\vendor\phroute\phroute\src\Phroute\Dispatcher.php(47): Phroute\Phroute\Dispatcher->dispatchRoute('GET', 'ecotest/assets/...')
#2 C:\wamp64\www\ecotest\index.php(130): Phroute\Phroute\Dispatcher->dispatch('GET', '/ecotest/assets...')
#3 {main}
  thrown in C:\wamp64\www\ecotest\vendor\phroute\phroute\src\Phroute\Dispatcher.php on line 218
[16-Aug-2025 02:56:43 UTC] PHP Warning:  Zend OPcache can't be temporary enabled (it may be only disabled till the end of request) in C:\wamp64\www\ecotest\config-production.php on line 26
[16-Aug-2025 02:56:43 UTC] PHP Stack trace:
[16-Aug-2025 02:56:43 UTC] PHP   1. {main}() C:\wamp64\www\ecotest\index.php:0
[16-Aug-2025 02:56:43 UTC] PHP   2. include() C:\wamp64\www\ecotest\index.php:3
[16-Aug-2025 02:56:43 UTC] PHP   3. ini_set($varname = 'opcache.enable', $newvalue = '1') C:\wamp64\www\ecotest\config-production.php:26
[16-Aug-2025 02:56:43 UTC] PHP Warning:  Zend OPcache can't be temporary enabled (it may be only disabled till the end of request) in C:\wamp64\www\ecotest\config-production.php on line 26
[16-Aug-2025 02:56:43 UTC] PHP Stack trace:
[16-Aug-2025 02:56:43 UTC] PHP   1. {main}() C:\wamp64\www\ecotest\index.php:0
[16-Aug-2025 02:56:43 UTC] PHP   2. include() C:\wamp64\www\ecotest\index.php:3
[16-Aug-2025 02:56:43 UTC] PHP   3. ini_set($varname = 'opcache.enable', $newvalue = '1') C:\wamp64\www\ecotest\config-production.php:26
[16-Aug-2025 02:56:43 UTC] PHP Fatal error:  Uncaught Phroute\Phroute\Exception\HttpRouteNotFoundException: Route ecotest/assets/css/style.css does not exist in C:\wamp64\www\ecotest\vendor\phroute\phroute\src\Phroute\Dispatcher.php:218
Stack trace:
#0 C:\wamp64\www\ecotest\vendor\phroute\phroute\src\Phroute\Dispatcher.php(123): Phroute\Phroute\Dispatcher->dispatchVariableRoute('GET', 'ecotest/assets/...')
#1 C:\wamp64\www\ecotest\vendor\phroute\phroute\src\Phroute\Dispatcher.php(47): Phroute\Phroute\Dispatcher->dispatchRoute('GET', 'ecotest/assets/...')
#2 C:\wamp64\www\ecotest\index.php(130): Phroute\Phroute\Dispatcher->dispatch('GET', '/ecotest/assets...')
#3 {main}
  thrown in C:\wamp64\www\ecotest\vendor\phroute\phroute\src\Phroute\Dispatcher.php on line 218
[16-Aug-2025 02:56:52 UTC] PHP Warning:  Zend OPcache can't be temporary enabled (it may be only disabled till the end of request) in C:\wamp64\www\ecotest\config-production.php on line 26
[16-Aug-2025 02:56:52 UTC] PHP Stack trace:
[16-Aug-2025 02:56:52 UTC] PHP   1. {main}() C:\wamp64\www\ecotest\index.php:0
[16-Aug-2025 02:56:52 UTC] PHP   2. include() C:\wamp64\www\ecotest\index.php:3
[16-Aug-2025 02:56:52 UTC] PHP   3. ini_set($varname = 'opcache.enable', $newvalue = '1') C:\wamp64\www\ecotest\config-production.php:26
[16-Aug-2025 02:57:53 UTC] PHP Warning:  Zend OPcache can't be temporary enabled (it may be only disabled till the end of request) in C:\wamp64\www\ecotest\config-production.php on line 26
[16-Aug-2025 02:57:53 UTC] PHP Stack trace:
[16-Aug-2025 02:57:53 UTC] PHP   1. {main}() C:\wamp64\www\ecotest\index.php:0
[16-Aug-2025 02:57:53 UTC] PHP   2. include() C:\wamp64\www\ecotest\index.php:3
[16-Aug-2025 02:57:53 UTC] PHP   3. ini_set($varname = 'opcache.enable', $newvalue = '1') C:\wamp64\www\ecotest\config-production.php:26
[16-Aug-2025 02:57:57 UTC] PHP Warning:  Zend OPcache can't be temporary enabled (it may be only disabled till the end of request) in C:\wamp64\www\ecotest\config-production.php on line 26
[16-Aug-2025 02:57:57 UTC] PHP Stack trace:
[16-Aug-2025 02:57:57 UTC] PHP   1. {main}() C:\wamp64\www\ecotest\index.php:0
[16-Aug-2025 02:57:57 UTC] PHP   2. include() C:\wamp64\www\ecotest\index.php:3
[16-Aug-2025 02:57:57 UTC] PHP   3. ini_set($varname = 'opcache.enable', $newvalue = '1') C:\wamp64\www\ecotest\config-production.php:26
[16-Aug-2025 02:58:16 UTC] PHP Warning:  Zend OPcache can't be temporary enabled (it may be only disabled till the end of request) in C:\wamp64\www\ecotest\config-production.php on line 26
[16-Aug-2025 02:58:16 UTC] PHP Stack trace:
[16-Aug-2025 02:58:16 UTC] PHP   1. {main}() C:\wamp64\www\ecotest\index.php:0
[16-Aug-2025 02:58:16 UTC] PHP   2. include() C:\wamp64\www\ecotest\index.php:3
[16-Aug-2025 02:58:16 UTC] PHP   3. ini_set($varname = 'opcache.enable', $newvalue = '1') C:\wamp64\www\ecotest\config-production.php:26
[16-Aug-2025 02:58:46 UTC] PHP Warning:  Zend OPcache can't be temporary enabled (it may be only disabled till the end of request) in C:\wamp64\www\ecotest\config-production.php on line 26
[16-Aug-2025 02:58:46 UTC] PHP Stack trace:
[16-Aug-2025 02:58:46 UTC] PHP   1. {main}() C:\wamp64\www\ecotest\index.php:0
[16-Aug-2025 02:58:46 UTC] PHP   2. include() C:\wamp64\www\ecotest\index.php:3
[16-Aug-2025 02:58:46 UTC] PHP   3. ini_set($varname = 'opcache.enable', $newvalue = '1') C:\wamp64\www\ecotest\config-production.php:26
[16-Aug-2025 02:59:39 UTC] PHP Warning:  Zend OPcache can't be temporary enabled (it may be only disabled till the end of request) in C:\wamp64\www\ecotest\config-production.php on line 26
[16-Aug-2025 02:59:39 UTC] PHP Stack trace:
[16-Aug-2025 02:59:39 UTC] PHP   1. {main}() C:\wamp64\www\ecotest\index.php:0
[16-Aug-2025 02:59:39 UTC] PHP   2. include() C:\wamp64\www\ecotest\index.php:3
[16-Aug-2025 02:59:39 UTC] PHP   3. ini_set($varname = 'opcache.enable', $newvalue = '1') C:\wamp64\www\ecotest\config-production.php:26
[16-Aug-2025 03:01:43 UTC] PHP Warning:  Zend OPcache can't be temporary enabled (it may be only disabled till the end of request) in C:\wamp64\www\ecotest\config-production.php on line 26
[16-Aug-2025 03:01:43 UTC] PHP Stack trace:
[16-Aug-2025 03:01:43 UTC] PHP   1. {main}() C:\wamp64\www\ecotest\index.php:0
[16-Aug-2025 03:01:43 UTC] PHP   2. include() C:\wamp64\www\ecotest\index.php:3
[16-Aug-2025 03:01:43 UTC] PHP   3. ini_set($varname = 'opcache.enable', $newvalue = '1') C:\wamp64\www\ecotest\config-production.php:26
[16-Aug-2025 03:03:30 UTC] PHP Warning:  Zend OPcache can't be temporary enabled (it may be only disabled till the end of request) in C:\wamp64\www\ecotest\config-production.php on line 26
[16-Aug-2025 03:03:30 UTC] PHP Stack trace:
[16-Aug-2025 03:03:30 UTC] PHP   1. {main}() C:\wamp64\www\ecotest\index.php:0
[16-Aug-2025 03:03:30 UTC] PHP   2. include() C:\wamp64\www\ecotest\index.php:5
[16-Aug-2025 03:03:30 UTC] PHP   3. ini_set($varname = 'opcache.enable', $newvalue = '1') C:\wamp64\www\ecotest\config-production.php:26
[16-Aug-2025 03:04:14 UTC] PHP Warning:  Zend OPcache can't be temporary enabled (it may be only disabled till the end of request) in C:\wamp64\www\ecotest\config-production.php on line 26
[16-Aug-2025 03:04:14 UTC] PHP Stack trace:
[16-Aug-2025 03:04:14 UTC] PHP   1. {main}() C:\wamp64\www\ecotest\index.php:0
[16-Aug-2025 03:04:14 UTC] PHP   2. include() C:\wamp64\www\ecotest\index.php:5
[16-Aug-2025 03:04:14 UTC] PHP   3. ini_set($varname = 'opcache.enable', $newvalue = '1') C:\wamp64\www\ecotest\config-production.php:26
[16-Aug-2025 03:04:56 UTC] PHP Warning:  Zend OPcache can't be temporary enabled (it may be only disabled till the end of request) in C:\wamp64\www\ecotest\config-production.php on line 26
[16-Aug-2025 03:04:56 UTC] PHP Stack trace:
[16-Aug-2025 03:04:56 UTC] PHP   1. {main}() C:\wamp64\www\ecotest\index.php:0
[16-Aug-2025 03:04:56 UTC] PHP   2. include() C:\wamp64\www\ecotest\index.php:5
[16-Aug-2025 03:04:56 UTC] PHP   3. ini_set($varname = 'opcache.enable', $newvalue = '1') C:\wamp64\www\ecotest\config-production.php:26
[16-Aug-2025 03:04:59 UTC] PHP Warning:  Zend OPcache can't be temporary enabled (it may be only disabled till the end of request) in C:\wamp64\www\ecotest\config-production.php on line 26
[16-Aug-2025 03:04:59 UTC] PHP Stack trace:
[16-Aug-2025 03:04:59 UTC] PHP   1. {main}() C:\wamp64\www\ecotest\index.php:0
[16-Aug-2025 03:04:59 UTC] PHP   2. include() C:\wamp64\www\ecotest\index.php:5
[16-Aug-2025 03:04:59 UTC] PHP   3. ini_set($varname = 'opcache.enable', $newvalue = '1') C:\wamp64\www\ecotest\config-production.php:26
[16-Aug-2025 03:05:16 UTC] PHP Warning:  Zend OPcache can't be temporary enabled (it may be only disabled till the end of request) in C:\wamp64\www\ecotest\config-production.php on line 26
[16-Aug-2025 03:05:16 UTC] PHP Stack trace:
[16-Aug-2025 03:05:16 UTC] PHP   1. {main}() C:\wamp64\www\ecotest\index.php:0
[16-Aug-2025 03:05:16 UTC] PHP   2. include() C:\wamp64\www\ecotest\index.php:5
[16-Aug-2025 03:05:16 UTC] PHP   3. ini_set($varname = 'opcache.enable', $newvalue = '1') C:\wamp64\www\ecotest\config-production.php:26
[16-Aug-2025 03:05:40 UTC] PHP Warning:  Zend OPcache can't be temporary enabled (it may be only disabled till the end of request) in C:\wamp64\www\ecotest\config-production.php on line 26
[16-Aug-2025 03:05:40 UTC] PHP Stack trace:
[16-Aug-2025 03:05:40 UTC] PHP   1. {main}() C:\wamp64\www\ecotest\index.php:0
[16-Aug-2025 03:05:40 UTC] PHP   2. include() C:\wamp64\www\ecotest\index.php:5
[16-Aug-2025 03:05:40 UTC] PHP   3. ini_set($varname = 'opcache.enable', $newvalue = '1') C:\wamp64\www\ecotest\config-production.php:26
[16-Aug-2025 03:05:55 UTC] PHP Warning:  Zend OPcache can't be temporary enabled (it may be only disabled till the end of request) in C:\wamp64\www\ecotest\config-production.php on line 26
[16-Aug-2025 03:05:55 UTC] PHP Stack trace:
[16-Aug-2025 03:05:55 UTC] PHP   1. {main}() C:\wamp64\www\ecotest\index.php:0
[16-Aug-2025 03:05:55 UTC] PHP   2. include() C:\wamp64\www\ecotest\index.php:5
[16-Aug-2025 03:05:55 UTC] PHP   3. ini_set($varname = 'opcache.enable', $newvalue = '1') C:\wamp64\www\ecotest\config-production.php:26
[16-Aug-2025 03:06:21 UTC] PHP Warning:  Zend OPcache can't be temporary enabled (it may be only disabled till the end of request) in C:\wamp64\www\ecotest\config-production.php on line 26
[16-Aug-2025 03:06:21 UTC] PHP Stack trace:
[16-Aug-2025 03:06:21 UTC] PHP   1. {main}() C:\wamp64\www\ecotest\index.php:0
[16-Aug-2025 03:06:21 UTC] PHP   2. include() C:\wamp64\www\ecotest\index.php:5
[16-Aug-2025 03:06:21 UTC] PHP   3. ini_set($varname = 'opcache.enable', $newvalue = '1') C:\wamp64\www\ecotest\config-production.php:26
[16-Aug-2025 03:06:21 UTC] PHP Fatal error:  Uncaught Phroute\Phroute\Exception\HttpRouteNotFoundException: Route ecotest/hch does not exist in C:\wamp64\www\ecotest\vendor\phroute\phroute\src\Phroute\Dispatcher.php:218
Stack trace:
#0 C:\wamp64\www\ecotest\vendor\phroute\phroute\src\Phroute\Dispatcher.php(123): Phroute\Phroute\Dispatcher->dispatchVariableRoute('GET', 'ecotest/hch')
#1 C:\wamp64\www\ecotest\vendor\phroute\phroute\src\Phroute\Dispatcher.php(47): Phroute\Phroute\Dispatcher->dispatchRoute('GET', 'ecotest/hch')
#2 C:\wamp64\www\ecotest\index.php(133): Phroute\Phroute\Dispatcher->dispatch('GET', '/ecotest/hch')
#3 {main}
  thrown in C:\wamp64\www\ecotest\vendor\phroute\phroute\src\Phroute\Dispatcher.php on line 218
[16-Aug-2025 03:07:50 UTC] PHP Warning:  Zend OPcache can't be temporary enabled (it may be only disabled till the end of request) in C:\wamp64\www\ecotest\config-production.php on line 26
[16-Aug-2025 03:07:50 UTC] PHP Stack trace:
[16-Aug-2025 03:07:50 UTC] PHP   1. {main}() C:\wamp64\www\ecotest\index.php:0
[16-Aug-2025 03:07:50 UTC] PHP   2. include() C:\wamp64\www\ecotest\index.php:5
[16-Aug-2025 03:07:50 UTC] PHP   3. ini_set($varname = 'opcache.enable', $newvalue = '1') C:\wamp64\www\ecotest\config-production.php:26
[16-Aug-2025 03:07:50 UTC] PHP Fatal error:  Uncaught Phroute\Phroute\Exception\HttpRouteNotFoundException: Route ecotest/hch does not exist in C:\wamp64\www\ecotest\vendor\phroute\phroute\src\Phroute\Dispatcher.php:218
Stack trace:
#0 C:\wamp64\www\ecotest\vendor\phroute\phroute\src\Phroute\Dispatcher.php(123): Phroute\Phroute\Dispatcher->dispatchVariableRoute('GET', 'ecotest/hch')
#1 C:\wamp64\www\ecotest\vendor\phroute\phroute\src\Phroute\Dispatcher.php(47): Phroute\Phroute\Dispatcher->dispatchRoute('GET', 'ecotest/hch')
#2 C:\wamp64\www\ecotest\index.php(133): Phroute\Phroute\Dispatcher->dispatch('GET', '/ecotest/hch')
#3 {main}
  thrown in C:\wamp64\www\ecotest\vendor\phroute\phroute\src\Phroute\Dispatcher.php on line 218
[16-Aug-2025 03:08:06 UTC] PHP Warning:  Zend OPcache can't be temporary enabled (it may be only disabled till the end of request) in C:\wamp64\www\ecotest\config-production.php on line 26
[16-Aug-2025 03:08:06 UTC] PHP Stack trace:
[16-Aug-2025 03:08:06 UTC] PHP   1. {main}() C:\wamp64\www\ecotest\index.php:0
[16-Aug-2025 03:08:06 UTC] PHP   2. include() C:\wamp64\www\ecotest\index.php:5
[16-Aug-2025 03:08:06 UTC] PHP   3. ini_set($varname = 'opcache.enable', $newvalue = '1') C:\wamp64\www\ecotest\config-production.php:26
