[23-Jan-2025 01:39:09 UTC] PHP Warning:  Zend OPcache can't be temporary enabled (it may be only disabled till the end of request) in C:\wamp64\www\ecole\config-production.php on line 26
[23-Jan-2025 01:39:09 UTC] PHP Stack trace:
[23-Jan-2025 01:39:09 UTC] PHP   1. {main}() C:\wamp64\www\ecole\index.php:0
[23-Jan-2025 01:39:09 UTC] PHP   2. include() C:\wamp64\www\ecole\index.php:3
[23-Jan-2025 01:39:09 UTC] PHP   3. ini_set($varname = 'opcache.enable', $newvalue = '1') C:\wamp64\www\ecole\config-production.php:26
[23-Jan-2025 01:39:35 UTC] PHP Warning:  Zend OPcache can't be temporary enabled (it may be only disabled till the end of request) in C:\wamp64\www\ecole\config-production.php on line 26
[23-Jan-2025 01:39:35 UTC] PHP Stack trace:
[23-Jan-2025 01:39:35 UTC] PHP   1. {main}() C:\wamp64\www\ecole\index.php:0
[23-Jan-2025 01:39:35 UTC] PHP   2. include() C:\wamp64\www\ecole\index.php:3
[23-Jan-2025 01:39:35 UTC] PHP   3. ini_set($varname = 'opcache.enable', $newvalue = '1') C:\wamp64\www\ecole\config-production.php:26
[23-Jan-2025 01:39:44 UTC] PHP Warning:  Zend OPcache can't be temporary enabled (it may be only disabled till the end of request) in C:\wamp64\www\ecole\config-production.php on line 26
[23-Jan-2025 01:39:44 UTC] PHP Stack trace:
[23-Jan-2025 01:39:44 UTC] PHP   1. {main}() C:\wamp64\www\ecole\index.php:0
[23-Jan-2025 01:39:44 UTC] PHP   2. include() C:\wamp64\www\ecole\index.php:3
[23-Jan-2025 01:39:44 UTC] PHP   3. ini_set($varname = 'opcache.enable', $newvalue = '1') C:\wamp64\www\ecole\config-production.php:26
[23-Jan-2025 01:39:44 UTC] PHP Fatal error:  Uncaught Phroute\Phroute\Exception\HttpRouteNotFoundException: Route ecole/user does not exist in C:\wamp64\www\ecole\vendor\phroute\phroute\src\Phroute\Dispatcher.php:218
Stack trace:
#0 C:\wamp64\www\ecole\vendor\phroute\phroute\src\Phroute\Dispatcher.php(123): Phroute\Phroute\Dispatcher->dispatchVariableRoute('GET', 'ecole/user')
#1 C:\wamp64\www\ecole\vendor\phroute\phroute\src\Phroute\Dispatcher.php(47): Phroute\Phroute\Dispatcher->dispatchRoute('GET', 'ecole/user')
#2 C:\wamp64\www\ecole\index.php(27): Phroute\Phroute\Dispatcher->dispatch('GET', '/ecole/user/')
#3 {main}
  thrown in C:\wamp64\www\ecole\vendor\phroute\phroute\src\Phroute\Dispatcher.php on line 218
[23-Jan-2025 01:41:37 UTC] PHP Warning:  Zend OPcache can't be temporary enabled (it may be only disabled till the end of request) in C:\wamp64\www\ecole\config-production.php on line 26
[23-Jan-2025 01:41:37 UTC] PHP Stack trace:
[23-Jan-2025 01:41:37 UTC] PHP   1. {main}() C:\wamp64\www\ecole\index.php:0
[23-Jan-2025 01:41:37 UTC] PHP   2. include() C:\wamp64\www\ecole\index.php:3
[23-Jan-2025 01:41:37 UTC] PHP   3. ini_set($varname = 'opcache.enable', $newvalue = '1') C:\wamp64\www\ecole\config-production.php:26
[23-Jan-2025 01:41:43 UTC] PHP Warning:  Zend OPcache can't be temporary enabled (it may be only disabled till the end of request) in C:\wamp64\www\ecole\config-production.php on line 26
[23-Jan-2025 01:41:43 UTC] PHP Stack trace:
[23-Jan-2025 01:41:43 UTC] PHP   1. {main}() C:\wamp64\www\ecole\index.php:0
[23-Jan-2025 01:41:43 UTC] PHP   2. include() C:\wamp64\www\ecole\index.php:3
[23-Jan-2025 01:41:43 UTC] PHP   3. ini_set($varname = 'opcache.enable', $newvalue = '1') C:\wamp64\www\ecole\config-production.php:26
[23-Jan-2025 01:41:44 UTC] PHP Fatal error:  Uncaught Phroute\Phroute\Exception\HttpRouteNotFoundException: Route ecole/dhdkjhkd does not exist in C:\wamp64\www\ecole\vendor\phroute\phroute\src\Phroute\Dispatcher.php:218
Stack trace:
#0 C:\wamp64\www\ecole\vendor\phroute\phroute\src\Phroute\Dispatcher.php(123): Phroute\Phroute\Dispatcher->dispatchVariableRoute('GET', 'ecole/dhdkjhkd')
#1 C:\wamp64\www\ecole\vendor\phroute\phroute\src\Phroute\Dispatcher.php(47): Phroute\Phroute\Dispatcher->dispatchRoute('GET', 'ecole/dhdkjhkd')
#2 C:\wamp64\www\ecole\index.php(27): Phroute\Phroute\Dispatcher->dispatch('GET', '/ecole/dhdkjhkd')
#3 {main}
  thrown in C:\wamp64\www\ecole\vendor\phroute\phroute\src\Phroute\Dispatcher.php on line 218
[2025-01-23 01:52:24] IP: ::1 | Pays: Pays non disponible | Ville: Ville non disponible | Région: Région non disponible
[2025-01-23 01:53:07] IP: ::1 | Pays: Pays non disponible | Ville: Ville non disponible | Région: Région non disponible
[2025-08-16 02:56:34] IP: ::1 | Pays: Pays non disponible | Ville: Ville non disponible | Région: Région non disponible
[2025-08-16 02:56:35] IP: ::1 | Pays: Pays non disponible | Ville: Ville non disponible | Région: Région non disponible
[2025-08-16 02:56:43] IP: ::1 | Pays: Pays non disponible | Ville: Ville non disponible | Région: Région non disponible
[2025-08-16 02:56:43] IP: ::1 | Pays: Pays non disponible | Ville: Ville non disponible | Région: Région non disponible
[2025-08-16 02:56:52] IP: ::1 | Pays: Pays non disponible | Ville: Ville non disponible | Région: Région non disponible
[2025-08-16 02:57:53] IP: ::1 | Pays: Pays non disponible | Ville: Ville non disponible | Région: Région non disponible
[2025-08-16 02:57:58] IP: ::1 | Pays: Pays non disponible | Ville: Ville non disponible | Région: Région non disponible
[2025-08-16 02:58:16] IP: ::1 | Pays: Pays non disponible | Ville: Ville non disponible | Région: Région non disponible
[2025-08-16 02:58:47] IP: ::1 | Pays: Pays non disponible | Ville: Ville non disponible | Région: Région non disponible
[2025-08-16 02:59:39] IP: ::1 | Pays: Pays non disponible | Ville: Ville non disponible | Région: Région non disponible
[2025-08-16 03:01:43] IP: ::1 | Pays: Pays non disponible | Ville: Ville non disponible | Région: Région non disponible
[2025-08-16 03:03:31] IP: ::1 | Pays: Pays non disponible | Ville: Ville non disponible | Région: Région non disponible
[2025-08-16 03:04:14] IP: ::1 | Pays: Pays non disponible | Ville: Ville non disponible | Région: Région non disponible
[2025-08-16 03:05:41] IP: ::1 | Pays: Pays non disponible | Ville: Ville non disponible | Région: Région non disponible
